android/build/outputs/logs/manifest-merger-debug-report.txt
-- Merging decision tree log ---
manifest
ADDED from Projekt\android\AndroidManifest.xml:2:1-27:12
	package
		ADDED from Projekt\android\AndroidManifest.xml:4:5-29
		INJECTED from Projekt\android\AndroidManifest.xml
		INJECTED from Projekt\android\AndroidManifest.xml
	android:versionName
		INJECTED from Projekt\android\AndroidManifest.xml
		INJECTED from Projekt\android\AndroidManifest.xml
	xmlns:tools
		ADDED from Projekt\android\AndroidManifest.xml:3:5-51
	xmlns:android
		ADDED from Projekt\android\AndroidManifest.xml:2:11-69
	android:versionCode
		INJECTED from Projekt\android\AndroidManifest.xml
		INJECTED from Projekt\android\AndroidManifest.xml
uses-sdk
ADDED from Projekt\android\AndroidManifest.xml:6:5-8:11
	tools:overrideLibrary
		ADDED from Projekt\android\AndroidManifest.xml:7:9-64
	android:targetSdkVersion
		ADDED from Projekt\android\AndroidManifest.xml:6:42-71
		INJECTED from Projekt\android\AndroidManifest.xml
		INJECTED from Projekt\android\AndroidManifest.xml
	android:minSdkVersion
		ADDED from Projekt\android\AndroidManifest.xml:6:15-41
		INJECTED from Projekt\android\AndroidManifest.xml
		INJECTED from Projekt\android\AndroidManifest.xml
application
ADDED from Projekt\android\AndroidManifest.xml:10:5-25:19
	android:label
		ADDED from Projekt\android\AndroidManifest.xml:13:9-41
	android:allowBackup
		ADDED from Projekt\android\AndroidManifest.xml:11:9-35
	android:icon
		ADDED from Projekt\android\AndroidManifest.xml:12:9-45
	android:theme
		ADDED from Projekt\android\AndroidManifest.xml:14:9-40
activity#com.mygdx.rngame.AndroidLauncher
ADDED from Projekt\android\AndroidManifest.xml:15:9-24:20
	android:screenOrientation
		ADDED from Projekt\android\AndroidManifest.xml:18:13-50
	android:label
		ADDED from Projekt\android\AndroidManifest.xml:17:13-45
	android:configChanges
		ADDED from Projekt\android\AndroidManifest.xml:19:13-94
	android:name
		ADDED from Projekt\android\AndroidManifest.xml:16:13-60
intent-filter#android.intent.action.MAIN+android.intent.category.LAUNCHER
ADDED from Projekt\android\AndroidManifest.xml:20:13-23:29
action#android.intent.action.MAIN
ADDED from Projekt\android\AndroidManifest.xml:21:17-69
	android:name
		ADDED from Projekt\android\AndroidManifest.xml:21:25-66
category#android.intent.category.LAUNCHER
ADDED from Projekt\android\AndroidManifest.xml:22:17-77
	android:name
		ADDED from Projekt\android\AndroidManifest.xml:22:27-74